1635951841022	geckodriver	INFO	Listening on 127.0.0.1:65103
1635951844111	mozrunner::runner	INFO	Running command: "C:\\Program Files\\Mozilla Firefox\\firefox.exe" "--marionette" "--remote-debugging-port" "65104" "-no-remote" "-profile" "C:\\Users\\fuji\\AppData\\Local\\Temp\\rust_mozprofile68x1ep"
1635951844839	Marionette	INFO	Marionette enabled
console.warn: SearchSettings: "get: No settings file exists, new profile?" (new NotFoundError("Could not open the file at C:\\Users\\fuji\\AppData\\Local\\Temp\\rust_mozprofile68x1ep\\search.json.mozlz4", (void 0)))
DevTools listening on ws://localhost:65104/devtools/browser/85837aa0-90c4-4866-a3d5-51374d252cc5
1635951848113	Marionette	INFO	Listening on port 65109
1635951848327	RemoteAgent	WARN	TLS certificate errors will be ignored for this session
console.log: WebExtensions: reset-default-search: starting.
console.log: WebExtensions: reset-default-search: No addons in our list are installed.
1635954779653	Marionette	INFO	Stopped listening on port 65109
JavaScript error: resource:///modules/Interactions.jsm, line 201: NS_ERROR_FAILURE: Component returned failure code: 0x80004005 (NS_ERROR_FAILURE) [nsIUserIdleService.removeIdleObserver]
console.warn: TopSitesFeed: Failed to fetch data from Contile server: NetworkError when attempting to fetch resource.
[Parent 4180, IPC I/O Parent] WARNING: file /builds/worker/checkouts/gecko/ipc/chromium/src/base/process_util_win.cc:167
4a1a-bf71-2984ff057518
1635951867647	Marionette	INFO	Listening on port 65163
1635951867890	RemoteAgent	WARN	TLS certificate errors will be ignored for this session
JavaScript warning: https://pagead2.googlesyndication.com/bg/LnuN3C34rR70L3hG8w6Spma0p50xn6UkBXRbbJn0q6o.js line 1 > eval line 970 > eval line 1 > eval line 1 > eval, line 1: WEBGL_debug_renderer_info is deprecated in Firefox and will be removed. Please use RENDERER.
JavaScript warning: https://pagead2.googlesyndication.com/bg/LnuN3C34rR70L3hG8w6Spma0p50xn6UkBXRbbJn0q6o.js line 1 > eval line 4928 > eval line 1 > eval line 1 > eval, line 1: WEBGL_debug_renderer_info is deprecated in Firefox and will be removed. Please use RENDERER.
console.log: WebExtensions: reset-default-search: starting.
console.log: WebExtensions: reset-default-search: No addons in our list are installed.
1635954769823	Marionette	INFO	Stopped listening on port 65163
JavaScript error: resource:///modules/Interactions.jsm, line 201: NS_ERROR_FAILURE: Component returned failure code: 0x80004005 (NS_ERROR_FAILURE) [nsIUserIdleService.removeIdleObserver]
JavaScript error: , line 0: TypeError: NetworkError when attempting to fetch resource.
\AppData\\Local\\Temp\\rust_mozprofileHdLUov\\search.json.mozlz4", (void 0)))
DevTools listening on ws://localhost:65289/devtools/browser/5799488f-dc7e-4de8-9d6e-82bea0295c9b
1635951969626	Marionette	INFO	Listening on port 65294
1635951969686	RemoteAgent	WARN	TLS certificate errors will be ignored for this session
JavaScript warning: https://pagead2.googlesyndication.com/bg/LnuN3C34rR70L3hG8w6Spma0p50xn6UkBXRbbJn0q6o.js line 1 > eval line 249 > eval line 1 > eval line 1 > eval, line 1: WEBGL_debug_renderer_info is deprecated in Firefox and will be removed. Please use RENDERER.
JavaScript warning: https://pagead2.googlesyndication.com/bg/LnuN3C34rR70L3hG8w6Spma0p50xn6UkBXRbbJn0q6o.js line 1 > eval line 7589 > eval line 1 > eval line 1 > eval, line 1: WEBGL_debug_renderer_info is deprecated in Firefox and will be removed. Please use RENDERER.
console.log: WebExtensions: reset-default-search: starting.
console.log: WebExtensions: reset-default-search: No addons in our list are installed.
1635954760673	Marionette	INFO	Stopped listening on port 65294
JavaScript error: resource:///modules/Interactions.jsm, line 201: NS_ERROR_FAILURE: Component returned failure code: 0x80004005 (NS_ERROR_FAILURE) [nsIUserIdleService.removeIdleObserver]
JavaScript error: , line 0: TypeError: NetworkError when attempting to fetch resource.

###!!! [Parent][RunMessage] Error: Channel closing: too late to send/recv, messages will be lost

s://localhost:65397/devtools/browser/00fe17be-35d9-4640-abb3-fde6d1874bfe
1635951999948	Marionette	INFO	Listening on port 65402
1635952000386	RemoteAgent	WARN	TLS certificate errors will be ignored for this session
JavaScript warning: https://pagead2.googlesyndication.com/bg/LnuN3C34rR70L3hG8w6Spma0p50xn6UkBXRbbJn0q6o.js line 1 > eval line 832 > eval line 1 > eval line 1 > eval, line 1: WEBGL_debug_renderer_info is deprecated in Firefox and will be removed. Please use RENDERER.
JavaScript warning: https://pagead2.googlesyndication.com/bg/LnuN3C34rR70L3hG8w6Spma0p50xn6UkBXRbbJn0q6o.js line 1 > eval line 1357 > eval line 1 > eval line 1 > eval, line 1: WEBGL_debug_renderer_info is deprecated in Firefox and will be removed. Please use RENDERER.
JavaScript warning: https://pagead2.googlesyndication.com/bg/LnuN3C34rR70L3hG8w6Spma0p50xn6UkBXRbbJn0q6o.js line 1 > eval line 3495 > eval line 1 > eval line 1 > eval, line 1: WEBGL_debug_renderer_info is deprecated in Firefox and will be removed. Please use RENDERER.
console.log: WebExtensions: reset-default-search: starting.
console.log: WebExtensions: reset-default-search: No addons in our list are installed.
1635954765587	Marionette	INFO	Stopped listening on port 65402
JavaScript error: resource:///modules/Interactions.jsm, line 201: NS_ERROR_FAILURE: Component returned failure code: 0x80004005 (NS_ERROR_FAILURE) [nsIUserIdleService.removeIdleObserver]
JavaScript error: , line 0: TypeError: NetworkError when attempting to fetch resource.
console.warn: TopSitesFeed: Failed to fetch data from Contile server: NetworkError when attempting to fetch resource.

###!!! [Child][RunMessage] Error: Channel closing: too late to send/recv, messages will be lost


###!!! [Child][RunMessage] Error: Channel closing: too late to send/recv, messages will be lost

611
1635952571624	Marionette	INFO	Listening on port 61218
1635952572011	RemoteAgent	WARN	TLS certificate errors will be ignored for this session
JavaScript warning: https://pagead2.googlesyndication.com/bg/LnuN3C34rR70L3hG8w6Spma0p50xn6UkBXRbbJn0q6o.js line 1 > eval line 3676 > eval line 1 > eval line 1 > eval, line 1: WEBGL_debug_renderer_info is deprecated in Firefox and will be removed. Please use RENDERER.
JavaScript warning: https://pagead2.googlesyndication.com/bg/LnuN3C34rR70L3hG8w6Spma0p50xn6UkBXRbbJn0q6o.js line 1 > eval line 1134 > eval line 1 > eval line 1 > eval, line 1: WEBGL_debug_renderer_info is deprecated in Firefox and will be removed. Please use RENDERER.
JavaScript warning: https://pagead2.googlesyndication.com/bg/LnuN3C34rR70L3hG8w6Spma0p50xn6UkBXRbbJn0q6o.js line 1 > eval line 65 > eval line 1 > eval line 1 > eval, line 1: WEBGL_debug_renderer_info is deprecated in Firefox and will be removed. Please use RENDERER.
console.log: WebExtensions: reset-default-search: starting.
console.log: WebExtensions: reset-default-search: No addons in our list are installed.
1635954769573	Marionette	INFO	Stopped listening on port 61218
JavaScript error: resource:///modules/Interactions.jsm, line 201: NS_ERROR_FAILURE: Component returned failure code: 0x80004005 (NS_ERROR_FAILURE) [nsIUserIdleService.removeIdleObserver]
JavaScript error: , line 0: TypeError: NetworkError when attempting to fetch resource.

###!!! [Parent][MessageChannel] Error: (msgtype=0x39007A,name=PContent::Msg_DestroyBrowsingContextGroup) Closed channel: cannot send/recv


###!!! [Parent][RunMessage] Error: Channel closing: too late to send/recv, messages will be lost

	RemoteAgent	WARN	TLS certificate errors will be ignored for this session
JavaScript warning: https://pagead2.googlesyndication.com/bg/LnuN3C34rR70L3hG8w6Spma0p50xn6UkBXRbbJn0q6o.js line 1 > eval line 7689 > eval line 1 > eval line 1 > eval, line 1: WEBGL_debug_renderer_info is deprecated in Firefox and will be removed. Please use RENDERER.
JavaScript warning: https://pagead2.googlesyndication.com/bg/LnuN3C34rR70L3hG8w6Spma0p50xn6UkBXRbbJn0q6o.js line 1 > eval line 2427 > eval line 1 > eval line 1 > eval, line 1: WEBGL_debug_renderer_info is deprecated in Firefox and will be removed. Please use RENDERER.
JavaScript error: , line 0: NotFoundError: No such JSWindowActor 'MarionetteEvents'
console.log: WebExtensions: reset-default-search: starting.
console.log: WebExtensions: reset-default-search: No addons in our list are installed.
1635954770519	Marionette	INFO	Stopped listening on port 61337
JavaScript error: resource:///modules/Interactions.jsm, line 201: NS_ERROR_FAILURE: Component returned failure code: 0x80004005 (NS_ERROR_FAILURE) [nsIUserIdleService.removeIdleObserver]
console.warn: TopSitesFeed: Failed to fetch data from Contile server: NetworkError when attempting to fetch resource.
JavaScript error: , line 0: TypeError: NetworkError when attempting to fetch resource.
42/devtools/browser/b9ebab4c-1c01-457d-881c-4a761efc08fd
1635952825396	Marionette	INFO	Listening on port 61447
1635952825725	RemoteAgent	WARN	TLS certificate errors will be ignored for this session
JavaScript warning: https://pagead2.googlesyndication.com/bg/LnuN3C34rR70L3hG8w6Spma0p50xn6UkBXRbbJn0q6o.js line 1 > eval line 2932 > eval line 1 > eval line 1 > eval, line 1: WEBGL_debug_renderer_info is deprecated in Firefox and will be removed. Please use RENDERER.
JavaScript warning: https://pagead2.googlesyndication.com/bg/LnuN3C34rR70L3hG8w6Spma0p50xn6UkBXRbbJn0q6o.js line 1 > eval line 468 > eval line 1 > eval line 1 > eval, line 1: WEBGL_debug_renderer_info is deprecated in Firefox and will be removed. Please use RENDERER.
console.log: WebExtensions: reset-default-search: starting.
console.log: WebExtensions: reset-default-search: No addons in our list are installed.
1635954771788	Marionette	INFO	Stopped listening on port 61447
JavaScript error: resource:///modules/Interactions.jsm, line 201: NS_ERROR_FAILURE: Component returned failure code: 0x80004005 (NS_ERROR_FAILURE) [nsIUserIdleService.removeIdleObserver]
JavaScript error: , line 0: TypeError: NetworkError when attempting to fetch resource.

###!!! [Child][RunMessage] Error: Channel closing: too late to send/recv, messages will be lost


###!!! [Child][RunMessage] Error: Channel closing: too late to send/recv, messages will be lost


###!!! [Child][RunMessage] Error: Channel closing: too late to send/recv, messages will be lost


###!!! [Child][RunMessage] Error: Channel closing: too late to send/recv, me1635954772979	RemoteAgent	WARN	TLS certificate errors will be ignored for this session
1635954775009	Marionette	INFO	Stopped listening on port 50798
JavaScript error: resource:///modules/Interactions.jsm, line 201: NS_ERROR_FAILURE: Component returned failure code: 0x80004005 (NS_ERROR_FAILURE) [nsIUserIdleService.removeIdleObserver]
console.warn: TopSitesFeed: Failed to fetch data from Contile server: NetworkError when attempting to fetch resource.
JavaScript error: chrome://remote/content/marionette/cert.js, line 55: NS_ERROR_NOT_AVAILABLE: Component returned failure code: 0x80040111 (NS_ERROR_NOT_AVAILABLE) [nsICertOverrideService.setDisableAllSecurityChecksAndLetAttackersInterceptMyData]
[Parent 7404, IPC I/O Parent] WARNING: file /builds/worker/checkouts/gecko/ipc/chromium/src/base/process_util_win.cc:167
1635954784764	geckodriver	INFO	Listening on 127.0.0.1:50856
1635954787899	mozrunner::runner	INFO	Running command: "C:\\Program Files\\Mozilla Firefox\\firefox.exe" "--marionette" "--remote-debugging-port" "50857" "-no-remote" "-profile" "C:\\Users\\fuji\\AppData\\Local\\Temp\\rust_mozprofileclo52Q"
1635954789549	Marionette	INFO	Marionette enabled
console.warn: SearchSettings: "get: No settings file exists, new profile?" (new NotFoundError("Could not open the file at C:\\Users\\fuji\\AppData\\Local\\Temp\\rust_mozprofileclo52Q\\search.json.mozlz4", (void 0)))
DevTools listening on ws://localhost:50857/devtools/browser/b380cedd-bf07-4f5f-b04e-0f79e2847c91
1635954797980	Marionette	INFO	Listening on port 50862
1635954798153	RemoteAgent	WARN	TLS certificate errors will be ignored for this session
JavaScript warning: https://pagead2.googlesyndication.com/bg/LnuN3C34rR70L3hG8w6Spma0p50xn6UkBXRbbJn0q6o.js line 1 > eval line 7289 > eval line 1 > eval line 1 > eval, line 1: WEBGL_debug_renderer_info is deprecated in Firefox and will be removed. Please use RENDERER.
JavaScript warning: https://pagead2.googlesyndication.com/bg/LnuN3C34rR70L3hG8w6Spma0p50xn6UkBXRbbJn0q6o.js line 1 > eval line 6665 > eval line 1 > eval line 1 > eval, line 1: WEBGL_debug_renderer_info is deprecated in Firefox and will be removed. Please use RENDERER.
JavaScript warning: https://pagead2.googlesyndication.com/bg/LnuN3C34rR70L3hG8w6Spma0p50xn6UkBXRbbJn0q6o.js line 1 > eval line 7187 > eval line 1 > eval line 1 > eval, line 1: WEBGL_debug_renderer_info is deprecated in Firefox and will be removed. Please use RENDERER.
console.log: WebExtensions: reset-default-search: starting.
console.log: WebExtensions: reset-default-search: No addons in our list are installed.
1635955817596	Marionette	INFO	Stopped listening on port 50862
JavaScript error: , line 0: TypeError: NetworkError when attempting to fetch resource.
JavaScript error: resource:///modules/Interactions.jsm, line 201: NS_ERROR_FAILURE: Component returned failure code: 0x80004005 (NS_ERROR_FAILURE) [nsIUserIdleService.removeIdleObserver]
console.warn: TopSitesFeed: Failed to fetch data from Contile server: NetworkError when attempting to fetch resource.
63/devtools/browser/768ce474-915e-4f72-9e67-2accb6f4700a
1635955099317	Marionette	INFO	Listening on port 50968
1635955099455	RemoteAgent	WARN	TLS certificate errors will be ignored for this session
JavaScript warning: https://pagead2.googlesyndication.com/bg/LnuN3C34rR70L3hG8w6Spma0p50xn6UkBXRbbJn0q6o.js line 1 > eval line 7298 > eval line 1 > eval line 1 > eval, line 1: WEBGL_debug_renderer_info is deprecated in Firefox and will be removed. Please use RENDERER.
JavaScript warning: https://pagead2.googlesyndication.com/bg/LnuN3C34rR70L3hG8w6Spma0p50xn6UkBXRbbJn0q6o.js line 1 > eval line 2305 > eval line 1 > eval line 1 > eval, line 1: WEBGL_debug_renderer_info is deprecated in Firefox and will be removed. Please use RENDERER.
JavaScript warning: https://pagead2.googlesyndication.com/bg/LnuN3C34rR70L3hG8w6Spma0p50xn6UkBXRbbJn0q6o.js line 1 > eval line 2237 > eval line 1 > eval line 1 > eval, line 1: WEBGL_debug_renderer_info is deprecated in Firefox and will be removed. Please use RENDERER.
console.log: WebExtensions: reset-default-search: starting.
console.log: WebExtensions: reset-default-search: No addons in our list are installed.
1635955811788	Marionette	INFO	Stopped listening on port 50968
JavaScript error: , line 0: TypeError: NetworkError when attempting to fetch resource.
JavaScript error: resource:///modules/Interactions.jsm, line 201: NS_ERROR_FAILURE: Component returned failure code: 0x80004005 (NS_ERROR_FAILURE) [nsIUserIdleService.removeIdleObserver]
JavaScript error: , line 0: TypeError: NetworkError when attempting to fetch resource.
console.warn: TopSitesFeed: Failed to fetch data from Contile server: NetworkError when attempting to fetch resource.
1635958109739	geckodriver	INFO	Listening on 127.0.0.1:59388
1635958112796	mozrunner::runner	INFO	Running command: "C:\\Program Files\\Mozilla Firefox\\firefox.exe" "--marionette" "--remote-debugging-port" "59389" "-no-remote" "-profile" "C:\\Users\\fuji\\AppData\\Local\\Temp\\rust_mozprofileJMNAPB"
1635958113282	Marionette	INFO	Marionette enabled
console.warn: SearchSettings: "get: No settings file exists, new profile?" (new NotFoundError("Could not open the file at C:\\Users\\fuji\\AppData\\Local\\Temp\\rust_mozprofileJMNAPB\\search.json.mozlz4", (void 0)))
JavaScript error: resource:///modules/Interactions.jsm, line 201: NS_ERROR_FAILURE: Component returned failure code: 0x80004005 (NS_ERROR_FAILURE) [nsIUserIdleService.removeIdleObserver]
console.warn: services.settings: main/query-stripping sync interrupted by shutdown
console.warn: TopSitesFeed: Failed to fetch data from Contile server: NetworkError when attempting to fetch resource.
console.error: Region.jsm: "Error fetching region" (new TypeError("NetworkError when attempting to fetch resource.", ""))
console.error: Region.jsm: "Failed to fetch region" (new Error("NO_RESULT", "resource://gre/modules/Region.jsm", 419))
console.error: "Could not load engine wikipedia@search.mozilla.org: Error: Attempt to use XPI database when it is not initialized"
console.error: "Could not load engine ddg@search.mozilla.org: TypeError: AddonManagerInternal._getProviderByName(...) is undefined"
console.error: "Could not load engine vatera@search.mozilla.org: TypeError: AddonManagerInternal._getProviderByName(...) is undefined"
console.warn: SearchService: "_init: abandoning init due to shutting down"
JavaScript error: resource://gre/modules/AsyncShutdown.jsm, line 575: uncaught exception: 2147500036
JavaScript error: resource://gre/modules/AsyncShutdown.jsm, line 575: uncaught exception: 2147500036
JavaScript error: resource://gre/modules/AsyncShutdown.jsm, line 575: uncaught exception: 2147500036
JavaScript error: resource://gre/modules/AsyncShutdown.jsm, line 575: uncaught exception: 2147500036
JavaScript error: resource://gre/modules/AsyncShutdown.jsm, line 575: uncaught exception: 2147500036
console.error: (new Error("Connection closed before committing the transaction.", "resource://gre/modules/Sqlite.jsm", 687))
1635958620097	geckodriver	INFO	Listening on 127.0.0.1:59563
1635958623181	mozrunner::runner	INFO	Running command: "C:\\Program Files\\Mozilla Firefox\\firefox.exe" "--marionette" "--remote-debugging-port" "59564" "-no-remote" "-profile" "C:\\Users\\fuji\\AppData\\Local\\Temp\\rust_mozprofile21vGro"
1635958623591	Marionette	INFO	Marionette enabled
console.warn: SearchSettings: "get: No settings file exists, new profile?" (new NotFoundError("Could not open the file at C:\\Users\\fuji\\AppData\\Local\\Temp\\rust_mozprofile21vGro\\search.json.mozlz4", (void 0)))
DevTools listening on ws://localhost:59564/devtools/browser/e913e51e-7896-476b-a2ca-c7babf7cee0f
1635958626443	Marionette	INFO	Listening on port 59569
1635958626877	RemoteAgent	WARN	TLS certificate errors will be ignored for this session
1635958630818	Marionette	WARN	TimedPromise timed out after 500 ms: stacktrace:
TimedPromise/<@chrome://remote/content/marionette/sync.js:238:19
TimedPromise@chrome://remote/content/marionette/sync.js:223:10
interaction.flushEventLoop@chrome://remote/content/marionette/interaction.js:431:10
webdriverClickElement@chrome://remote/content/marionette/interaction.js:179:31
JavaScript warning: https://pagead2.googlesyndication.com/bg/LnuN3C34rR70L3hG8w6Spma0p50xn6UkBXRbbJn0q6o.js line 1 > eval line 4696 > eval line 1 > eval line 1 > eval, line 1: WEBGL_debug_renderer_info is deprecated in Firefox and will be removed. Please use RENDERER.
1635958633018	Marionette	WARN	TimedPromise timed out after 500 ms: stacktrace:
TimedPromise/<@chrome://remote/content/marionette/sync.js:238:19
TimedPromise@chrome://remote/content/marionette/sync.js:223:10
interaction.flushEventLoop@chrome://remote/content/marionette/interaction.js:431:10
webdriverClickElement@chrome://remote/content/marionette/interaction.js:179:31
JavaScript warning: https://pagead2.googlesyndication.com/bg/LnuN3C34rR70L3hG8w6Spma0p50xn6UkBXRbbJn0q6o.js line 1 > eval line 3633 > eval line 1 > eval line 1 > eval, line 1: WEBGL_debug_renderer_info is deprecated in Firefox and will be removed. Please use RENDERER.
console.log: WebExtensions: reset-default-search: starting.
console.log: WebExtensions: reset-default-search: No addons in our list are installed.
1635994939533	Marionette	INFO	Stopped listening on port 59569
JavaScript error: resource:///modules/Interactions.jsm, line 201: NS_ERROR_FAILURE: Component returned failure code: 0x80004005 (NS_ERROR_FAILURE) [nsIUserIdleService.removeIdleObserver]
console.warn: TopSitesFeed: Failed to fetch data from Contile server: NetworkError when attempting to fetch resource.
[Parent 11384, IPC I/O Parent] WARNING: file /builds/worker/checkouts/gecko/ipc/chromium/src/base/process_util_win.cc:167

###!!! [Parent][RunMessage] Error: Channel closing: too late to send/recv, messages will be lost

1636095354483	geckodriver	INFO	Listening on 127.0.0.1:63309
1636095357603	mozrunner::runner	INFO	Running command: "C:\\Program Files\\Mozilla Firefox\\firefox.exe" "--marionette" "--remote-debugging-port" "63310" "-no-remote" "-profile" "C:\\Users\\fuji\\AppData\\Local\\Temp\\rust_mozprofilemfvebI"
1636099749958	geckodriver	INFO	Listening on 127.0.0.1:63608
1636099753030	mozrunner::runner	INFO	Running command: "C:\\Program Files\\Mozilla Firefox\\firefox.exe" "--marionette" "--remote-debugging-port" "63609" "-no-remote" "-profile" "C:\\Users\\fuji\\AppData\\Local\\Temp\\rust_mozprofilef4fVby"
1636099753902	Marionette	INFO	Marionette enabled
console.warn: SearchSettings: "get: No settings file exists, new profile?" (new NotFoundError("Could not open the file at C:\\Users\\fuji\\AppData\\Local\\Temp\\rust_mozprofilef4fVby\\search.json.mozlz4", (void 0)))
DevTools listening on ws://localhost:63609/devtools/browser/2944ee1c-23d9-471c-b543-6bde2c6e417e
1636099756712	Marionette	INFO	Listening on port 63614
1636099757036	Marionette	INFO	Stopped listening on port 63614
console.warn: TopSitesFeed: Failed to fetch data from Contile server: NetworkError when attempting to fetch resource.
console.warn: TopSitesFeed: Failed to fetch data from Contile server: NetworkError when attempting to fetch resource.
console.error: Region.jsm: "Error fetching region" (new TypeError("NetworkError when attempting to fetch resource.", ""))
console.error: Region.jsm: "Failed to fetch region" (new Error("NO_RESULT", "resource://gre/modules/Region.jsm", 419))

###!!! [Parent][RunMessage] Error: Channel closing: too late to send/recv, messages will be lost

1636270050994	geckodriver	INFO	Listening on 127.0.0.1:60538
1636438542938	geckodriver	INFO	Listening on 127.0.0.1:53658
1636438546004	mozrunner::runner	INFO	Running command: "C:\\Program Files\\Mozilla Firefox\\firefox.exe" "--marionette" "--remote-debugging-port" "53659" "-no-remote" "-profile" "C:\\Users\\fuji\\AppData\\Local\\Temp\\rust_mozprofile6hb5mx"
1636438546983	Marionette	INFO	Marionette enabled
console.warn: SearchSettings: "get: No settings file exists, new profile?" (new NotFoundError("Could not open the file at C:\\Users\\fuji\\AppData\\Local\\Temp\\rust_mozprofile6hb5mx\\search.json.mozlz4", (void 0)))
DevTools listening on ws://localhost:53659/devtools/browser/17aa1073-79e4-466d-9ea3-51e5d0431435
console.error: services.settings: 
  main/query-stripping Signature failed  TypeError: NetworkError: Network request failed
console.warn: TopSitesFeed: Failed to fetch data from Contile server: NetworkError when attempting to fetch resource.
1636438551096	Marionette	FATAL	Remote protocol server failed to start: [Exception... "Component returned failure code: 0xc1f30001 (NS_ERROR_NOT_INITIALIZED) [nsIServerSocket.asyncListen]"  nsresult: "0xc1f30001 (NS_ERROR_NOT_INITIALIZED)"  location: "JS frame :: chrome://remote/content/marionette/server.js :: set acceptConnections :: line 89"  data: no] Stack trace: set acceptConnections()@server.js:89
start()@server.js:114
init/<()@Marionette.jsm:282
observe()@resource://gre/modules/AsyncShutdown.jsm:575

###!!! [Parent][RunMessage] Error: Channel closing: too late to send/recv, messages will be lost

1636438587488	geckodriver	INFO	Listening on 127.0.0.1:53690
1636438590571	mozrunner::runner	INFO	Running command: "C:\\Program Files\\Mozilla Firefox\\firefox.exe" "--marionette" "--remote-debugging-port" "53691" "-no-remote" "-profile" "C:\\Users\\fuji\\AppData\\Local\\Temp\\rust_mozprofileimzkIZ"
1636438591141	Marionette	INFO	Marionette enabled
console.warn: SearchSettings: "get: No settings file exists, new profile?" (new NotFoundError("Could not open the file at C:\\Users\\fuji\\AppData\\Local\\Temp\\rust_mozprofileimzkIZ\\search.json.mozlz4", (void 0)))
DevTools listening on ws://localhost:53691/devtools/browser/a6044ece-7444-4caf-97ec-b0abba5f3d6e
1636438594173	Marionette	INFO	Listening on port 53696
1636438594376	Marionette	INFO	Stopped listening on port 53696
console.warn: TopSitesFeed: Failed to fetch data from Contile server: NetworkError when attempting to fetch resource.

###!!! [Parent][RunMessage] Error: Channel closing: too late to send/recv, messages will be lost

1636440039260	geckodriver	INFO	Listening on 127.0.0.1:53835
1636442032866	geckodriver	INFO	Listening on 127.0.0.1:53442
